# Тема: Виды индексов. Работа с индексами и оптимизация запросов

## Домашнее задание: "Работа с индексами"

### 1. Создать индекс к какой-либо из таблиц вашей БД
```sql
maxim@maxim-virtual-machine:~$ sudo -u postgres psql
could not change directory to "/home/maxim": Permission denied
psql (15.6 (Ubuntu 15.6-1.pgdg22.04+1))
Type "help" for help.

postgres=# create table test(id int GENERATED ALWAYS AS IDENTITY, text_val varchar(150),  num_val numeric(25,5));
postgres=# insert into test(text_val, num_val) select 'Напоняем тестовыми данными #' || trim(to_char(random() * 333,'9999')), random() * 666 from generate_series(1, 500000);
postgres=# create index idx_test_id on test(id); 
```
### 2. Прислать текстом результат команды explain, в которой используется данный индекс
```sql
postgres=# explain select * from test where id < 100000;
                                   QUERY PLAN                                   
--------------------------------------------------------------------------------
 Index Scan using idx_test_id on test  (cost=0.42..3971.51 rows=97148 width=67)
   Index Cond: (id < 100000)
(2 rows)
```
### 3. Реализовать индекс для полнотекстового поиска
- В качестве индекса для полнотекстового поиска выбран GIN:
  - https://habr.com/ru/companies/postgrespro/articles/340978/#
  - https://postgrespro.ru/docs/postgresql/9.6/textsearch-indexes
- Так же для сведения табличных данных с подстрокой поиска в запросе, будут использованы встроенные функции to_tsvector, с русскоязычной настройкой, и to_tsquery:
  - https://postgrespro.ru/docs/postgrespro/9.5/textsearch-controls
- Получим план запроса до создания индекса
```sql
postgres=# select * from test limit 10;
id |            text_val             |  num_val  
----+---------------------------------+-----------
  1 | Напоняем тестовыми данными #113 | 162.47269
2 | Напоняем тестовыми данными #54  | 145.45926
3 | Напоняем тестовыми данными #168 | 325.91143
4 | Напоняем тестовыми данными #271 | 633.81571
5 | Напоняем тестовыми данными #289 | 575.91303
6 | Напоняем тестовыми данными #292 | 302.73669
7 | Напоняем тестовыми данными #43  | 138.93869
8 | Напоняем тестовыми данными #102 | 255.91859
9 | Напоняем тестовыми данными #106 | 235.49555
10 | Напоняем тестовыми данными #141 |  56.28296
(10 rows)
postgres=# explain select text_val, num_val from test where to_tsvector('russian', text_val) @@ to_tsquery('#79');
QUERY PLAN                                            
--------------------------------------------------------------------------------------------------
 Gather  (cost=1000.00..114193.83 rows=2500 width=63)
   Workers Planned: 2
   ->  Parallel Seq Scan on test  (cost=0.00..112943.83 rows=1042 width=63)
         Filter: (to_tsvector('russian'::regconfig, (text_val)::text) @@ to_tsquery('#79'::text))
 JIT:
   Functions: 4
   Options: Inlining false, Optimization false, Expressions true, Deforming true
(7 rows)
```
- Создадим индекс
```sql
postgres=# create index text_search_idx on test using gin (to_tsvector('russian', text_val));
```
- Повторно смотрим план запроса
```sql
postgres=# explain select text_val, num_val from test where to_tsvector('russian', text_val) @@ to_tsquery('#79');
                                              QUERY PLAN                                              
------------------------------------------------------------------------------------------------------
 Bitmap Heap Scan on test  (cost=31.62..6010.71 rows=2500 width=63)
   Recheck Cond: (to_tsvector('russian'::regconfig, (text_val)::text) @@ to_tsquery('#79'::text))
   ->  Bitmap Index Scan on text_search_idx  (cost=0.00..31.00 rows=2500 width=0)
         Index Cond: (to_tsvector('russian'::regconfig, (text_val)::text) @@ to_tsquery('#79'::text))
(4 rows)
```
### 4. Реализовать индекс на часть таблицы или индекс на поле с функцией
- Ранее создали индексы на поле первичного ключа id и строки text_val. Далее работа с индексами будет проведена над полем num_val.
- План запроса по таблице test c условием по num_val:
```sql
postgres=# explain select * from test where test.num_val < 300;
                          QUERY PLAN                          
--------------------------------------------------------------
 Seq Scan on test  (cost=0.00..12423.00 rows=223874 width=67)
   Filter: (num_val < '300'::numeric)
(2 rows)
```
- Создадим индекс на поле num_val c условием для значений "< 300":
```sql
postgres=# create index num_less_300_search_idx on test(num_val) where num_val < 300;
```
- Построим повторно план запроса:
```sql
postgres=# explain select * from test where num_val < 300;
                          QUERY PLAN                          
--------------------------------------------------------------
 Seq Scan on test  (cost=0.00..12423.00 rows=223874 width=67)
   Filter: (num_val < '300'::numeric)
(2 rows)
```
- Судя по плану - прироста производительности нет. Индекс использовался. Простой последовательный обход таблицы и сравнение данных.
#
- Провел иной эксперимент: нашел записи с редкими повторяющимися сгенерированными значениями, им оказалось значение num_val = 647.30945.
- План запроса для поиска записей с num_val = 647.30945 (был использован другой индекс с условием "> 300", который я создал во время экспериментов, что ускорило запрос, хотя и данных в этом диапазоне условий - меньше)
```sql
postgres=# explain select * from test where test.num_val = 647.30945;
                                     QUERY PLAN                                      
-------------------------------------------------------------------------------------
 Index Scan using num_more_300_search_idx on test  (cost=0.42..8.44 rows=1 width=67)
   Index Cond: (num_val = 647.30945)
(2 rows)
```
- Создал индекс:
```sql
postgres=# create index num_is_647_30945_search_idx on test(num_val) where num_val = 647.30945;
CREATE INDEX
```
- В результате получен план с чуть лучшим нижним порогом cost. Такой низкий прирост производительности похоже обусловлен самой структурой данных тестовой таблицы.
### 5. Создать индекс на несколько полей
- Продолжим эксперименты c num_val = 647.30945
```sql
postgres=# select * from test where test.num_val = 647.30945;
   id   |            text_val             |  num_val  
--------+---------------------------------+-----------
   8787 | Напоняем тестовыми данными #29  | 647.30945
 213345 | Напоняем тестовыми данными #243 | 647.30945
(2 rows)
```
- Удалим ранее созданные индексы:
```sql
postgres=# DROP INDEX num_more_300_search_idx, num_less_300_search_idx, num_is_647_30945_search_idx;
DROP INDEX
```
- Построим плана запроса c условием по двум полям:
```sql
postgres=# explain select * from test where substr(text_val, 28, 2) = '#2' and num_val = 647.30945;
QUERY PLAN                                         
--------------------------------------------------------------------------------------------
 Gather  (cost=1000.00..10818.93 rows=1 width=67)
   Workers Planned: 2
   ->  Parallel Seq Scan on test  (cost=0.00..9818.83 rows=1 width=67)
         Filter: ((num_val = 647.30945) AND (substr((text_val)::text, 28, 2) = '#2'::text))
(4 rows)
```
- Создадим индекс по двум полям:
```sql
postgres=# create index test_text_val_num_val_idx on test(text_val, num_val);
CREATE INDEX
```
- Повторно построим плана запроса:
```sql
postgres=# explain select * from test where substr(text_val, 28, 2) = '#2' and num_val = 647.30945;
                                         QUERY PLAN                                         
--------------------------------------------------------------------------------------------
 Gather  (cost=1000.00..10818.93 rows=1 width=67)
   Workers Planned: 2
   ->  Parallel Seq Scan on test  (cost=0.00..9818.83 rows=1 width=67)
         Filter: ((num_val = 647.30945) AND (substr((text_val)::text, 28, 2) = '#2'::text))
(4 rows)
```
- Индекс не применился в вычислении.
- Но если создать составной индекс с условиями - скорость значительно возрастет (данный пример не применим в реальной жизни, тк значения в индексе захардкожены)
```sql
postgres=# create index modify_test_text_val_num_val_idx on test(text_val, num_val) where substr(text_val, 28, 2) = '#2' and num_val = 647.30945;
CREATE INDEX
postgres=# explain select * from test where substr(text_val, 28, 2) = '#2' and num_val = 647.30945;
                                          QUERY PLAN                                          
----------------------------------------------------------------------------------------------
 Index Scan using modify_test_text_val_num_val_idx on test  (cost=0.13..8.14 rows=1 width=67)
(1 row)
```
